01.03.2025 22:43:56	Этот журнал содержит сведения об операции импорта схемы в проект "LibreHub_Database" на компьютере "DESKTOP-9CT1FJF", выполненной пользователем "Anton".
01.03.2025 22:43:56	Импорт схемы базы данных начат.
01.03.2025 22:44:08	Идет сбор учетных данных для базы данных
01.03.2025 22:44:08	Идет сбор параметров базы данных
01.03.2025 22:44:08	Собирается параметр конфигурации области универсальной базы данных
01.03.2025 22:44:08	Идет сбор пользователей
01.03.2025 22:44:08	Идет сбор ролей
01.03.2025 22:44:08	Идет сбор ролей приложений
01.03.2025 22:44:08	Идет сбор членств ролей
01.03.2025 22:44:08	Идет сбор файловых групп
01.03.2025 22:44:08	Идет сбор полнотекстовых каталогов
01.03.2025 22:44:08	Идет сбор сборок
01.03.2025 22:44:08	Идет сбор сертификатов
01.03.2025 22:44:08	Идет сбор асимметричных ключей
01.03.2025 22:44:08	Идет сбор симметричных ключей
01.03.2025 22:44:08	Идет сбор зашифрованных симметричных ключей
01.03.2025 22:44:08	Идет сбор схем
01.03.2025 22:44:08	Идет сбор коллекции схем XML
01.03.2025 22:44:08	Идет сбор определяемых пользователем типов данных
01.03.2025 22:44:08	Идет сбор определяемых пользователем типов
01.03.2025 22:44:08	Идет сбор табличных типов
01.03.2025 22:44:08	Сбор уникальных ключей для табличных типов
01.03.2025 22:44:08	Идет сбор первичных ключей для табличных типов
01.03.2025 22:44:08	Сбор индексов для табличных типов
01.03.2025 22:44:08	Идет сбор проверочных ограничений для табличных типов
01.03.2025 22:44:08	Идет сбор ограничений по умолчанию для табличных типов
01.03.2025 22:44:08	Идет сбор функций секционирования
01.03.2025 22:44:08	Идет сбор схем секционирования
01.03.2025 22:44:08	Идет сбор функций
01.03.2025 22:44:08	Сбор зашифрованных функций
01.03.2025 22:44:08	Идет сбор статистических выражений
01.03.2025 22:44:08	Идет сбор процедур
01.03.2025 22:44:08	Сбор зашифрованных процедур
01.03.2025 22:44:08	Идет сбор таблиц
01.03.2025 22:44:08	Идет сбор первичных ключей
01.03.2025 22:44:08	Идет сбор ограничений уникальности
01.03.2025 22:44:08	Идет сбор внешних ключей
01.03.2025 22:44:08	Идет сбор ограничений по умолчанию
01.03.2025 22:44:08	Идет сбор проверочных ограничений
01.03.2025 22:44:08	Идет сбор представлений
01.03.2025 22:44:08	Сбор зашифрованных представлений
01.03.2025 22:44:08	Идет сбор индексов
01.03.2025 22:44:08	Идет сбор статистики
01.03.2025 22:44:08	Идет сбор списков стоп-слов полнотекстовых индексов
01.03.2025 22:44:08	Сбор списков свойств поиска
01.03.2025 22:44:08	Сбор свойств поиска
01.03.2025 22:44:08	Идет сбор полнотекстовых индексов
01.03.2025 22:44:08	Сбор индексов хранилища столбцов
01.03.2025 22:44:08	Идет сбор пространственных индексов
01.03.2025 22:44:08	Идет сбор XML-индексов
01.03.2025 22:44:08	Сбор селективных XML-индексов
01.03.2025 22:44:08	Сбор зашифрованных триггеров
01.03.2025 22:44:08	Идет сбор триггеров
01.03.2025 22:44:08	Идет сбор зашифрованных триггеров и триггеров ddl clr
01.03.2025 22:44:09	Идет сбор триггеров ddl
01.03.2025 22:44:09	Создание ограничений границы
01.03.2025 22:44:09	Идет сбор синонимов
01.03.2025 22:44:09	Идет сбор значений по умолчанию
01.03.2025 22:44:09	Идет сбор привязок uddt ограничений данных
01.03.2025 22:44:09	Идет сбор правил
01.03.2025 22:44:09	Идет сбор привязок uddt ограничений данных
01.03.2025 22:44:09	Идет сбор типов сообщений
01.03.2025 22:44:09	Идет сбор списков ожидания
01.03.2025 22:44:09	Идет сбор контрактов
01.03.2025 22:44:09	Идет сбор служб
01.03.2025 22:44:09	Идет сбор уведомлений о событиях
01.03.2025 22:44:09	Идет сбор привязок удаленных служб
01.03.2025 22:44:09	Идет сбор приоритетов брокера
01.03.2025 22:44:09	Идет сбор подписей
01.03.2025 22:44:09	Сбор параметров сжатия
01.03.2025 22:44:09	Сбор типов последовательностей
01.03.2025 22:44:09	Идет сбор политик безопасности
01.03.2025 22:44:09	Сбор ключей шифрования столбцов
01.03.2025 22:44:09	Сбор главных ключей столбцов
01.03.2025 22:44:09	Выполняется сбор внешних источников данных
01.03.2025 22:44:09	Выполняется сбор внешних форматов файлов
01.03.2025 22:44:09	Выполняется сбор внешних таблиц
01.03.2025 22:44:09	Сбор параметров сжатия индекса XML
01.03.2025 22:44:09	Идет сбор расширенных свойств
01.03.2025 22:44:09	Идет сбор сборок
01.03.2025 22:44:09	Идет сбор учетных данных
01.03.2025 22:44:09	Идет сбор имен входа
01.03.2025 22:44:09	Идет сбор аудитов сервера
01.03.2025 22:44:10	Выполняется проверка проекта на наличие повторяющихся элементов
01.03.2025 22:44:10	Обработка повторяющегося элемента завершена
01.03.2025 22:44:11	Импорт базы данных завершен.
01.03.2025 22:44:11	summary операции импорта была сохранена по следующему пути: C:\Users\Anton\Desktop\8_semes\CAD\Project\LibreHubProject\LibreHub_Database\Журналы импорта схем\LibreHub_Database_20250301074356.log
01.03.2025 22:44:11	Для продолжения нажмите кнопку ''Готово''...
